GET /api/v1/Lagos/Yam/sellers 200 32 - 40950.455 ms
GET /api/v1/Lagos/Yam/sellers 200 32 - 3629.523 ms
GET /api/v1/Lagos/Yam/sellers 200 244 - 2060.135 ms
GET /api/v1/Lagos/Yam/sellers 200 41 - 2206.701 ms
GET /api/v1/Lagos/Yam/sellers 200 126 - 1692.814 ms
GET /api/v1/Lagos/Yam/sellers 200 244 - 1822.851 ms
GET /api/v1/Lagos/Yam/sellers 200 312 - 1794.466 ms
POST /api/v1/farmer/login 200 204 - 421.246 ms
POST /api/v1/farmer/product/add 201 274 - 1465.990 ms
POST /api/v1/farmer/product/add 201 270 - 1202.303 ms
GET /api/v1/Lagos/Yam/sellers 200 449 - 284.335 ms
GET /api/v1/Lagos/Yam/sellers 200 497 - 1820.108 ms
GET /api/v1/Lagos/Yam/sellers 200 497 - 44607.728 ms
GET /api/v1/Lagos/Yam/sellers 400 52 - 2298.373 ms
GET /api/v1/Lagos/Yam/sellers 200 515 - 1666.427 ms
GET /api/v1/Lagos/Yam/sellers 200 515 - 46690.234 ms
GET /api/v1/Lagos/Yam/sellers 200 515 - 2741.031 ms
POST /api/v1/farmer/product/add 201 273 - 1641.579 ms
GET /api/v1/units 200 413 - 499.805 ms
POST /api/v1/farmer/signup 403 60 - 3004.022 ms
POST /api/v1/farmer/login 200 204 - 407.200 ms
PATCH /api/v1/farmer/reset/password 201 42 - 2470.796 ms
GET /api/v1/user/location 200 547 - 783.796 ms
POST /api/v1/farmer/product/add 401 63 - 0.469 ms
PATCH /api/v1/farmer/product/eb806670265aa310c864fde/edit 401 63 - 0.617 ms
POST /api/v1/product/add 400 54 - 375.777 ms
GET /api/v1/products 200 274 - 495.651 ms
POST /api/v1/unit/add 400 51 - 469.435 ms
GET /api/v1/units 200 276 - 806.277 ms
POST /api/v1/farmer/signup 403 60 - 5691.143 ms
POST /api/v1/farmer/login 200 204 - 4277.782 ms
PATCH /api/v1/farmer/reset/password 201 42 - 1472.421 ms
GET /api/v1/user/location 200 547 - 666.974 ms
POST /api/v1/farmer/product/add 401 63 - 0.406 ms
PATCH /api/v1/farmer/product/eb806670265aa310c864fde/edit 401 63 - 1.212 ms
POST /api/v1/product/add 400 54 - 255.153 ms
GET /api/v1/products 200 274 - 475.519 ms
POST /api/v1/unit/add 400 51 - 258.280 ms
GET /api/v1/units 200 276 - 723.987 ms
PATCH /api/v1/farmer/product/5ec38ce335c0704ef0529972/edit 201 60 - 1170.283 ms
PATCH /api/v1/farmer/product/5ec38ce335c0704ef052992/edit 400 135 - 1175.652 ms
POST /api/v1/farmer/login 200 204 - 8117.166 ms
POST /api/v1/farmer/signup 403 60 - 15639.366 ms
GET /api/v1/user/location 200 547 - 1021.503 ms
POST /api/v1/farmer/product/add 401 63 - 0.577 ms
PATCH /api/v1/farmer/reset/password 201 42 - 7913.039 ms
PATCH /api/v1/farmer/product/eb806670265aa310c864fde/edit 401 63 - 1.269 ms
GET /api/v1/products 200 274 - 1203.242 ms
POST /api/v1/product/add 400 54 - 6253.864 ms
POST /api/v1/unit/add 400 51 - 345.092 ms
GET /api/v1/units 200 276 - 244.489 ms
POST /api/v1/farmer/signup 403 60 - 3554.426 ms
POST /api/v1/farmer/login 200 204 - 1722.228 ms
PATCH /api/v1/farmer/reset/password 201 42 - 752.465 ms
GET /api/v1/user/location 200 547 - 668.905 ms
POST /api/v1/farmer/product/add 401 63 - 1.361 ms
PATCH /api/v1/farmer/product/eb806670265aa310c864fde/edit 401 63 - 0.899 ms
POST /api/v1/product/add 400 54 - 264.497 ms
GET /api/v1/products 200 274 - 274.060 ms
POST /api/v1/unit/add 400 51 - 346.208 ms
GET /api/v1/units 200 276 - 233.989 ms
POST /api/v1/farmer/signup 403 60 - 6809.243 ms
POST /api/v1/farmer/login 200 204 - 5211.643 ms
PATCH /api/v1/farmer/reset/password 201 42 - 1187.255 ms
GET /api/v1/user/location 200 547 - 679.818 ms
POST /api/v1/farmer/product/add 401 63 - 0.581 ms
PATCH /api/v1/farmer/product/eb806670265aa310c864fde/edit 401 63 - 0.752 ms
POST /api/v1/product/add 400 54 - 239.142 ms
GET /api/v1/products 200 274 - 232.788 ms
POST /api/v1/unit/add 400 51 - 270.729 ms
GET /api/v1/units 200 276 - 268.170 ms
POST /api/v1/farmer/signup 403 60 - 2867.653 ms
POST /api/v1/farmer/login 200 204 - 697.904 ms
PATCH /api/v1/farmer/reset/password 201 42 - 1967.805 ms
GET /api/v1/user/location 200 547 - 689.323 ms
POST /api/v1/farmer/product/add 401 63 - 1.141 ms
PATCH /api/v1/farmer/product/eb806670265aa310c864fde/edit 401 63 - 0.906 ms
POST /api/v1/product/add 400 54 - 254.974 ms
GET /api/v1/products 200 274 - 482.947 ms
POST /api/v1/unit/add 400 51 - 269.296 ms
GET /api/v1/units 200 276 - 261.431 ms
POST /api/v1/farmer/signup 403 60 - 4830.791 ms
POST /api/v1/farmer/login 200 204 - 4469.141 ms
PATCH /api/v1/farmer/reset/password 201 42 - 686.778 ms
GET /api/v1/user/location 200 547 - 4317.462 ms
POST /api/v1/farmer/product/add 401 63 - 0.604 ms
PATCH /api/v1/farmer/product/eb806670265aa310c864fde/edit 401 63 - 0.771 ms
GET /api/v1/farmer/products 401 63 - 0.379 ms
GET /api/v1/show/products 200 15 - 1483.580 ms
GET /api/v1/farmer/sales 401 63 - 0.353 ms
POST /api/v1/product/add 400 54 - 1286.695 ms
GET /api/v1/products 200 274 - 313.839 ms
POST /api/v1/unit/add 400 51 - 323.438 ms
GET /api/v1/units 200 276 - 269.422 ms
POST /api/v1/farmer/login 200 204 - 3562.961 ms
POST /api/v1/farmer/signup 403 60 - 1318.245 ms
POST /api/v1/farmer/login 200 204 - 438.733 ms
PATCH /api/v1/farmer/reset/password 201 42 - 879.219 ms
GET /api/v1/user/location 200 547 - 694.956 ms
POST /api/v1/farmer/product/add 401 63 - 0.583 ms
PATCH /api/v1/farmer/product/eb806670265aa310c864fde/edit 401 63 - 0.789 ms
GET /api/v1/farmer/products 401 63 - 0.260 ms
GET /api/v1/show/products 200 15 - 1046.454 ms
GET /api/v1/farmer/sales 401 63 - 0.419 ms
POST /api/v1/product/add 400 54 - 385.938 ms
GET /api/v1/products 200 274 - 596.548 ms
POST /api/v1/unit/add 400 51 - 258.734 ms
GET /api/v1/units 200 276 - 305.137 ms
POST /api/v1/farmer/signup 403 60 - 3239.062 ms
POST /api/v1/farmer/login 200 204 - 494.578 ms
PATCH /api/v1/farmer/reset/password 201 42 - 1007.172 ms
GET /api/v1/user/location 200 547 - 949.026 ms
POST /api/v1/farmer/product/add 401 63 - 0.613 ms
PATCH /api/v1/farmer/product/eb806670265aa310c864fde/edit 401 63 - 0.503 ms
GET /api/v1/farmer/products 401 63 - 0.240 ms
GET /api/v1/show/products 200 15 - 1387.128 ms
GET /api/v1/farmer/sales 401 63 - 0.553 ms
POST /api/v1/product/add 400 54 - 882.165 ms
GET /api/v1/products 200 274 - 277.583 ms
POST /api/v1/unit/add 400 51 - 270.631 ms
GET /api/v1/units 200 276 - 767.558 ms
POST /api/v1/farmer/login 200 204 - 4740.631 ms
POST /api/v1/farmer/signup 403 60 - 11090.938 ms
PATCH /api/v1/farmer/reset/password 201 42 - 3421.150 ms
GET /api/v1/user/location 200 547 - 756.897 ms
POST /api/v1/farmer/product/add 401 63 - 0.876 ms
PATCH /api/v1/farmer/product/eb806670265aa310c864fde/edit 401 63 - 0.671 ms
GET /api/v1/farmer/products 401 63 - 0.315 ms
GET /api/v1/show/products 200 15 - 979.158 ms
GET /api/v1/farmer/sales 401 63 - 0.558 ms
POST /api/v1/product/add 400 54 - 291.632 ms
GET /api/v1/products 200 274 - 255.120 ms
POST /api/v1/unit/add 400 51 - 238.960 ms
GET /api/v1/units 200 276 - 256.499 ms
POST /api/v1/farmer/signup 403 60 - 2763.531 ms
POST /api/v1/farmer/login 200 204 - 431.442 ms
PATCH /api/v1/farmer/reset/password 201 42 - 2071.580 ms
GET /api/v1/user/location 200 547 - 1300.756 ms
POST /api/v1/farmer/product/add 401 63 - 1.196 ms
PATCH /api/v1/farmer/product/eb806670265aa310c864fde/edit 401 63 - 0.986 ms
GET /api/v1/farmer/products 401 63 - 0.625 ms
GET /api/v1/show/products 200 15 - 973.261 ms
GET /api/v1/farmer/sales 401 63 - 0.362 ms
POST /api/v1/product/add 400 54 - 258.385 ms
GET /api/v1/products 200 274 - 283.256 ms
POST /api/v1/unit/add 400 51 - 235.625 ms
GET /api/v1/units 200 276 - 245.314 ms
POST /api/v1/farmer/login 200 204 - 566.125 ms
PATCH /api/v1/farmer/reset/password 201 42 - 772.390 ms
POST /api/v1/farmer/signup 400 49 - 11239.652 ms
GET /api/v1/user/location 400 39 - 4786.275 ms
POST /api/v1/farmer/product/add 401 63 - 0.988 ms
PATCH /api/v1/farmer/product/eb806670265aa310c864fde/edit 401 63 - 0.374 ms
GET /api/v1/farmer/products 401 63 - 0.367 ms
GET /api/v1/show/products 200 15 - 1853.051 ms
GET /api/v1/farmers/ 200 536 - 264.008 ms
GET /api/v1/farmer/sales 401 63 - 0.376 ms
POST /api/v1/product/add 400 54 - 305.384 ms
GET /api/v1/products 200 274 - 239.663 ms
POST /api/v1/unit/add 400 51 - 2094.280 ms
GET /api/v1/units 200 276 - 303.092 ms
POST /api/v1/farmer/signup 403 60 - 3360.487 ms
POST /api/v1/farmer/login 200 204 - 605.571 ms
PATCH /api/v1/farmer/reset/password 201 42 - 2403.757 ms
POST /api/v1/buyer/signup 201 505 - 1654.759 ms
POST /api/v1/buyer/login 401 73 - 447.609 ms
PATCH /api/v1/buyer/reset/password 201 42 - 1028.515 ms
GET /api/v1/buyers 200 270 - 375.275 ms
GET /api/v1/user/location 200 547 - 746.576 ms
POST /api/v1/farmer/product/add 401 63 - 0.860 ms
PATCH /api/v1/farmer/product/eb806670265aa310c864fde/edit 401 63 - 0.526 ms
GET /api/v1/farmer/products 401 63 - 0.235 ms
GET /api/v1/show/products 200 15 - 1080.799 ms
GET /api/v1/farmers/ 200 536 - 286.337 ms
GET /api/v1/farmer/sales 401 63 - 0.326 ms
POST /api/v1/product/add 400 54 - 579.765 ms
GET /api/v1/products 200 274 - 327.047 ms
POST /api/v1/unit/add 400 51 - 423.860 ms
GET /api/v1/units 200 276 - 343.836 ms
POST /api/v1/farmer/signup 403 60 - 7364.772 ms
POST /api/v1/farmer/login 200 204 - 4585.270 ms
PATCH /api/v1/farmer/reset/password 201 42 - 793.959 ms
POST /api/v1/buyer/signup 403 60 - 1134.048 ms
POST /api/v1/buyer/login 200 203 - 522.714 ms
PATCH /api/v1/buyer/reset/password 201 42 - 807.744 ms
GET /api/v1/buyers 200 270 - 245.365 ms
GET /api/v1/user/location 200 547 - 657.502 ms
POST /api/v1/farmer/product/add 401 63 - 0.844 ms
PATCH /api/v1/farmer/product/eb806670265aa310c864fde/edit 401 63 - 0.530 ms
GET /api/v1/farmer/products 401 63 - 0.240 ms
GET /api/v1/show/products 200 15 - 960.470 ms
GET /api/v1/farmers/ 200 536 - 252.924 ms
GET /api/v1/farmer/sales 401 63 - 0.329 ms
POST /api/v1/product/add 400 54 - 261.229 ms
GET /api/v1/products 200 274 - 262.976 ms
POST /api/v1/unit/add 400 51 - 262.908 ms
GET /api/v1/units 200 276 - 259.363 ms
POST /api/v1/farmer/signup 403 60 - 3035.664 ms
PUT /api/v1/farmer/signup 404 159 - 2.426 ms
POST /api/v1/farmer/login 200 204 - 731.667 ms
PATCH /api/v1/farmer/reset/password 201 42 - 1504.345 ms
POST /api/v1/buyer/signup 403 60 - 2194.932 ms
PUT /api/v1/buyer/profile/edit 401 63 - 0.663 ms
POST /api/v1/buyer/login 200 203 - 409.466 ms
PATCH /api/v1/buyer/reset/password 201 42 - 1582.754 ms
GET /api/v1/buyers 200 270 - 952.844 ms
GET /api/v1/user/location 200 547 - 1064.085 ms
POST /api/v1/farmer/product/add 401 63 - 0.289 ms
PATCH /api/v1/farmer/product/eb806670265aa310c864fde/edit 401 63 - 0.481 ms
GET /api/v1/farmer/products 401 63 - 0.339 ms
GET /api/v1/show/products 200 15 - 2063.285 ms
GET /api/v1/farmers/ 200 536 - 725.911 ms
GET /api/v1/farmer/sales 401 63 - 0.336 ms
POST /api/v1/product/add 400 54 - 490.350 ms
GET /api/v1/products 200 274 - 307.723 ms
POST /api/v1/unit/add 400 51 - 403.166 ms
GET /api/v1/units 200 276 - 758.075 ms
PUT /api/v1/farmer/signup 404 159 - 5.371 ms
PUT /api/v1/buyer/profile/edit 401 63 - 5.895 ms
POST /api/v1/buyer/signup 400 46 - 21035.596 ms
POST /api/v1/farmer/product/add 401 63 - 0.862 ms
PATCH /api/v1/farmer/product/eb806670265aa310c864fde/edit 401 63 - 0.801 ms
GET /api/v1/farmer/products 401 63 - 0.488 ms
GET /api/v1/farmer/sales 401 63 - 1.343 ms
GET /api/v1/user/location 400 36 - 21022.636 ms
GET /api/v1/show/products 400 66 - 21016.350 ms
POST /api/v1/farmer/signup - - - - ms
POST /api/v1/farmer/login - - - - ms
PATCH /api/v1/farmer/reset/password - - - - ms
POST /api/v1/buyer/login - - - - ms
PATCH /api/v1/buyer/reset/password - - - - ms
GET /api/v1/buyers - - - - ms
GET /api/v1/farmers/ - - - - ms
POST /api/v1/product/add - - - - ms
GET /api/v1/products - - - - ms
POST /api/v1/unit/add - - - - ms
GET /api/v1/units - - - - ms
PUT /api/v1/farmer/signup 404 159 - 7.277 ms
POST /api/v1/farmer/signup 403 60 - 7952.527 ms
POST /api/v1/farmer/login 200 204 - 614.351 ms
PATCH /api/v1/farmer/reset/password 201 42 - 817.704 ms
POST /api/v1/buyer/signup 403 60 - 1790.191 ms
PUT /api/v1/buyer/profile/edit 401 63 - 1.124 ms
POST /api/v1/buyer/login 200 203 - 637.403 ms
PATCH /api/v1/buyer/reset/password 201 42 - 913.825 ms
GET /api/v1/buyers 200 270 - 292.138 ms
GET /api/v1/user/location 200 547 - 823.150 ms
POST /api/v1/farmer/product/add 401 63 - 0.519 ms
PATCH /api/v1/farmer/product/eb806670265aa310c864fde/edit 401 63 - 0.995 ms
GET /api/v1/farmer/products 401 63 - 0.329 ms
GET /api/v1/show/products 200 15 - 1179.803 ms
GET /api/v1/farmers/ 200 536 - 329.905 ms
GET /api/v1/farmer/sales 401 63 - 0.324 ms
POST /api/v1/product/add 400 54 - 316.675 ms
GET /api/v1/products 200 274 - 368.081 ms
POST /api/v1/unit/add 400 51 - 321.292 ms
GET /api/v1/units 200 276 - 535.381 ms
PUT /api/v1/farmer/signup 404 159 - 8.380 ms
POST /api/v1/farmer/signup 403 60 - 10053.026 ms
POST /api/v1/farmer/login 200 204 - 2627.258 ms
PATCH /api/v1/farmer/reset/password 201 42 - 896.997 ms
POST /api/v1/buyer/signup 403 60 - 1519.975 ms
PUT /api/v1/buyer/profile/edit 401 63 - 0.943 ms
POST /api/v1/buyer/login 200 203 - 450.776 ms
PATCH /api/v1/buyer/reset/password 201 42 - 881.798 ms
GET /api/v1/buyers 200 270 - 310.730 ms
GET /api/v1/user/location 200 547 - 842.811 ms
POST /api/v1/farmer/product/add 401 63 - 0.331 ms
PATCH /api/v1/farmer/product/eb806670265aa310c864fde/edit 401 63 - 0.638 ms
GET /api/v1/farmer/products 401 63 - 0.345 ms
GET /api/v1/show/products 200 15 - 1118.398 ms
GET /api/v1/farmers/ 200 536 - 293.923 ms
GET /api/v1/farmer/sales 401 63 - 0.339 ms
POST /api/v1/product/add 400 54 - 313.982 ms
GET /api/v1/products 200 274 - 368.303 ms
POST /api/v1/unit/add 400 51 - 363.654 ms
GET /api/v1/units 200 276 - 370.064 ms
PUT /api/v1/farmer/signup 404 159 - 8.400 ms
POST /api/v1/farmer/signup 403 60 - 11669.241 ms
POST /api/v1/farmer/login 200 204 - 4645.413 ms
PATCH /api/v1/farmer/reset/password 201 42 - 778.084 ms
POST /api/v1/buyer/signup 403 60 - 1235.338 ms
PUT /api/v1/buyer/profile/edit 401 63 - 0.609 ms
POST /api/v1/buyer/login 200 203 - 583.156 ms
PATCH /api/v1/buyer/reset/password 201 42 - 1283.950 ms
GET /api/v1/buyers 200 270 - 761.164 ms
GET /api/v1/user/location 200 547 - 1049.452 ms
POST /api/v1/farmer/product/add 401 63 - 0.530 ms
PATCH /api/v1/farmer/product/eb806670265aa310c864fde/edit 401 63 - 1.630 ms
GET /api/v1/farmer/products 401 63 - 0.378 ms
GET /api/v1/show/products 200 15 - 1798.049 ms
GET /api/v1/farmers/ 200 536 - 1663.366 ms
GET /api/v1/farmer/sales 401 63 - 0.502 ms
POST /api/v1/product/add 400 54 - 1147.551 ms
GET /api/v1/products 200 274 - 18784.464 ms
POST /api/v1/unit/add 400 51 - 13890.593 ms
GET /api/v1/units 200 276 - 11981.681 ms
PUT /api/v1/farmer/signup 404 159 - 6.424 ms
POST /api/v1/farmer/signup 403 60 - 6327.297 ms
PUT /api/v1/buyer/profile/edit 401 63 - 0.980 ms
POST /api/v1/farmer/login 200 204 - 18541.271 ms
POST /api/v1/buyer/signup 403 60 - 16428.385 ms
POST /api/v1/buyer/login 200 203 - 11509.848 ms
GET /api/v1/buyers 200 270 - 4861.846 ms
PATCH /api/v1/farmer/reset/password 201 42 - 25095.031 ms
PATCH /api/v1/buyer/reset/password 201 42 - 11985.320 ms
GET /api/v1/user/location 200 547 - 2419.478 ms
POST /api/v1/farmer/product/add 401 63 - 0.860 ms
PATCH /api/v1/farmer/product/eb806670265aa310c864fde/edit 401 63 - 1.154 ms
GET /api/v1/farmer/products 401 63 - 0.385 ms
GET /api/v1/show/products 200 15 - 4587.228 ms
GET /api/v1/farmers/ 200 536 - 1064.484 ms
GET /api/v1/farmer/sales 401 63 - 0.243 ms
POST /api/v1/product/add 400 54 - 5421.490 ms
GET /api/v1/products 200 274 - 944.696 ms
POST /api/v1/unit/add 400 51 - 480.717 ms
GET /api/v1/units 200 276 - 4146.721 ms
PUT /api/v1/farmer/signup 404 159 - 8.215 ms
POST /api/v1/farmer/login 200 204 - 12213.408 ms
PUT /api/v1/buyer/profile/edit 401 63 - 0.663 ms
POST /api/v1/buyer/signup 403 60 - 5160.884 ms
POST /api/v1/farmer/signup 403 60 - 25205.136 ms
PATCH /api/v1/farmer/reset/password 201 42 - 10193.221 ms
POST /api/v1/buyer/login 200 203 - 2408.700 ms
PATCH /api/v1/buyer/reset/password 201 42 - 2179.483 ms
GET /api/v1/buyers 200 270 - 299.055 ms
GET /api/v1/user/location 200 547 - 980.658 ms
POST /api/v1/farmer/product/add 401 63 - 0.357 ms
PATCH /api/v1/farmer/product/eb806670265aa310c864fde/edit 401 63 - 0.594 ms
GET /api/v1/farmer/products 401 63 - 0.473 ms
GET /api/v1/show/products 200 15 - 1016.985 ms
GET /api/v1/farmers/ 200 536 - 310.099 ms
GET /api/v1/farmer/sales 401 63 - 0.544 ms
POST /api/v1/product/add 400 54 - 488.910 ms
GET /api/v1/products 200 274 - 321.420 ms
POST /api/v1/unit/add 400 51 - 413.391 ms
GET /api/v1/units 200 276 - 287.936 ms
PUT /api/v1/farmer/signup 404 159 - 5.316 ms
POST /api/v1/farmer/signup 403 60 - 6392.219 ms
POST /api/v1/farmer/login 200 204 - 6055.383 ms
PATCH /api/v1/farmer/reset/password 201 42 - 5089.168 ms
POST /api/v1/buyer/signup 403 60 - 2791.453 ms
PUT /api/v1/buyer/profile/edit 401 63 - 0.389 ms
POST /api/v1/buyer/login 200 203 - 407.534 ms
PATCH /api/v1/buyer/reset/password 201 42 - 994.791 ms
GET /api/v1/buyers 200 270 - 256.359 ms
GET /api/v1/user/location 200 547 - 863.911 ms
POST /api/v1/farmer/product/add 401 63 - 0.417 ms
PATCH /api/v1/farmer/product/eb806670265aa310c864fde/edit 401 63 - 0.500 ms
GET /api/v1/farmer/products 401 63 - 0.280 ms
GET /api/v1/show/products 200 15 - 1328.356 ms
GET /api/v1/farmers/ 200 536 - 481.363 ms
GET /api/v1/farmer/sales 401 63 - 0.253 ms
POST /api/v1/product/add 400 54 - 526.469 ms
GET /api/v1/products 200 274 - 423.175 ms
POST /api/v1/unit/add 400 51 - 263.328 ms
GET /api/v1/units 200 276 - 416.022 ms
POST /api/v1/farmer/signup 403 60 - 3390.738 ms
PUT /api/v1/farmer/signup 404 159 - 2.058 ms
POST /api/v1/farmer/login 200 204 - 359.945 ms
PATCH /api/v1/farmer/reset/password 201 42 - 614.142 ms
POST /api/v1/buyer/signup 403 60 - 1221.962 ms
PUT /api/v1/buyer/profile/edit 401 63 - 0.713 ms
POST /api/v1/buyer/login 200 203 - 350.956 ms
PATCH /api/v1/buyer/reset/password 201 42 - 582.642 ms
GET /api/v1/buyers 200 270 - 259.737 ms
GET /api/v1/user/location 200 511 - 828.310 ms
POST /api/v1/farmer/product/add 401 63 - 0.246 ms
PATCH /api/v1/farmer/product/eb806670265aa310c864fde/edit 401 63 - 0.279 ms
GET /api/v1/farmer/products 401 63 - 0.169 ms
GET /api/v1/show/products 200 15 - 1019.387 ms
GET /api/v1/farmers/ 200 536 - 245.146 ms
GET /api/v1/farmer/sales 401 63 - 0.235 ms
POST /api/v1/product/add 400 54 - 258.889 ms
GET /api/v1/products 200 274 - 237.355 ms
POST /api/v1/unit/add 400 51 - 259.288 ms
GET /api/v1/units 200 276 - 262.079 ms
POST /api/v1/farmer/signup 403 60 - 2783.468 ms
PUT /api/v1/farmer/profile/edit 401 63 - 1.117 ms
POST /api/v1/farmer/login 200 204 - 390.499 ms
PATCH /api/v1/farmer/reset/password 201 42 - 2911.481 ms
POST /api/v1/buyer/signup 403 60 - 1219.784 ms
PUT /api/v1/buyer/profile/edit 401 63 - 1.265 ms
POST /api/v1/buyer/login 200 203 - 344.193 ms
PATCH /api/v1/buyer/reset/password 201 42 - 602.348 ms
GET /api/v1/buyers 200 270 - 239.387 ms
GET /api/v1/user/location 200 510 - 943.785 ms
POST /api/v1/farmer/product/add 401 63 - 0.221 ms
PATCH /api/v1/farmer/product/eb806670265aa310c864fde/edit 401 63 - 0.489 ms
GET /api/v1/farmer/products 401 63 - 1.040 ms
GET /api/v1/show/products 200 15 - 1112.778 ms
GET /api/v1/farmers/ 200 536 - 334.564 ms
GET /api/v1/farmer/sales 401 63 - 0.305 ms
POST /api/v1/product/add 400 54 - 245.463 ms
GET /api/v1/products 200 274 - 259.683 ms
POST /api/v1/unit/add 400 51 - 247.941 ms
GET /api/v1/units 200 276 - 286.343 ms
GET /api/v1/Lagos/Yam/sellers 200 515 - 1988.095 ms
GET /api/v1/Lagos/Yam/sellers 200 46 - 1644.052 ms
GET /api/v1/Lagos/Yam/sellers 200 530 - 4277.864 ms
POST /api/v1/farmer/signup 403 60 - 2462.227 ms
PUT /api/v1/farmer/profile/edit 401 63 - 0.692 ms
POST /api/v1/farmer/login 200 204 - 327.290 ms
PATCH /api/v1/farmer/reset/password 201 42 - 1835.218 ms
POST /api/v1/buyer/signup 403 60 - 1194.592 ms
PUT /api/v1/buyer/profile/edit 401 63 - 0.951 ms
POST /api/v1/buyer/login 200 203 - 355.101 ms
PATCH /api/v1/buyer/reset/password 201 42 - 546.946 ms
GET /api/v1/buyers 200 270 - 347.556 ms
GET /api/v1/user/location 200 510 - 795.142 ms
POST /api/v1/farmer/product/add 401 63 - 0.242 ms
PATCH /api/v1/farmer/product/eb806670265aa310c864fde/edit 401 63 - 0.376 ms
GET /api/v1/farmer/products 401 63 - 0.192 ms
GET /api/v1/show/products 200 15 - 794.260 ms
GET /api/v1/farmers/ 200 536 - 213.423 ms
GET /api/v1/farmer/sales 401 63 - 0.266 ms
POST /api/v1/product/add 400 54 - 211.572 ms
GET /api/v1/products 200 274 - 250.793 ms
POST /api/v1/unit/add 400 51 - 213.926 ms
GET /api/v1/units 200 276 - 212.021 ms
POST /api/v1/buyer/login 200 203 - 385.539 ms
POST /api/v1/buyer/product/buy 400 71 - 345.797 ms
POST /api/v1/farmer/signup 403 60 - 2758.036 ms
PUT /api/v1/farmer/profile/edit 401 63 - 0.715 ms
POST /api/v1/farmer/login 200 204 - 1840.022 ms
PATCH /api/v1/farmer/reset/password 201 42 - 639.006 ms
POST /api/v1/buyer/signup 403 60 - 1185.662 ms
PUT /api/v1/buyer/profile/edit 401 63 - 0.834 ms
POST /api/v1/buyer/login 200 203 - 409.183 ms
PATCH /api/v1/buyer/reset/password 201 42 - 657.235 ms
GET /api/v1/buyers 200 270 - 251.193 ms
GET /api/v1/user/location 200 510 - 869.955 ms
POST /api/v1/farmer/product/add 401 63 - 0.314 ms
PATCH /api/v1/farmer/product/eb806670265aa310c864fde/edit 401 63 - 0.496 ms
GET /api/v1/farmer/products 401 63 - 0.172 ms
GET /api/v1/show/products 200 15 - 1095.620 ms
GET /api/v1/farmers/ 200 536 - 232.114 ms
GET /api/v1/farmer/sales 401 63 - 0.224 ms
POST /api/v1/product/add 400 54 - 242.788 ms
GET /api/v1/products 200 274 - 241.002 ms
POST /api/v1/unit/add 400 51 - 263.656 ms
GET /api/v1/units 200 276 - 281.718 ms
POST /api/v1/farmer/signup 403 60 - 2940.044 ms
PUT /api/v1/farmer/profile/edit 401 63 - 0.893 ms
POST /api/v1/farmer/login 200 204 - 1727.672 ms
PATCH /api/v1/farmer/reset/password 201 42 - 650.931 ms
POST /api/v1/buyer/signup 403 60 - 1321.271 ms
PUT /api/v1/buyer/profile/edit 401 63 - 0.812 ms
POST /api/v1/buyer/login 200 203 - 366.302 ms
PATCH /api/v1/buyer/reset/password 201 42 - 680.912 ms
GET /api/v1/buyers 200 270 - 259.804 ms
POST /api/v1/buyer/product/buy 401 63 - 0.579 ms
GET /api/v1/user/location 200 510 - 1052.437 ms
POST /api/v1/farmer/product/add 401 63 - 0.305 ms
PATCH /api/v1/farmer/product/eb806670265aa310c864fde/edit 401 63 - 0.327 ms
GET /api/v1/farmer/products 401 63 - 0.164 ms
GET /api/v1/show/products 200 15 - 1106.603 ms
GET /api/v1/farmers/ 200 536 - 237.201 ms
GET /api/v1/farmer/sales 401 63 - 0.271 ms
POST /api/v1/product/add 400 54 - 264.532 ms
GET /api/v1/products 200 274 - 210.716 ms
POST /api/v1/unit/add 400 51 - 210.842 ms
GET /api/v1/units 200 276 - 209.188 ms
POST /api/v1/farmer/signup 403 60 - 2254.254 ms
PUT /api/v1/farmer/profile/edit 401 63 - 0.716 ms
POST /api/v1/farmer/login 200 204 - 377.343 ms
PATCH /api/v1/farmer/reset/password 201 42 - 1882.321 ms
POST /api/v1/buyer/signup 403 60 - 1179.844 ms
PUT /api/v1/buyer/profile/edit 401 63 - 0.843 ms
POST /api/v1/buyer/login 200 203 - 393.333 ms
PATCH /api/v1/buyer/reset/password 201 42 - 676.006 ms
GET /api/v1/buyers 200 270 - 282.203 ms
POST /api/v1/buyer/product/buy 401 63 - 0.594 ms
GET /api/v1/user/location 200 511 - 844.545 ms
POST /api/v1/farmer/product/add 401 63 - 0.229 ms
PATCH /api/v1/farmer/product/eb806670265aa310c864fde/edit 401 63 - 0.352 ms
GET /api/v1/farmer/products 401 63 - 0.183 ms
GET /api/v1/show/products 200 15 - 1031.716 ms
GET /api/v1/farmers/ 200 536 - 303.856 ms
GET /api/v1/farmer/sales 401 63 - 0.241 ms
POST /api/v1/product/add 400 54 - 250.744 ms
GET /api/v1/products 200 274 - 280.419 ms
POST /api/v1/unit/add 400 51 - 232.615 ms
GET /api/v1/units 200 276 - 259.310 ms
GET /api/v1/buyer/products 200 12 - 233.637 ms
POST /api/v1/buyer/product/buy 201 451 - 813.275 ms
GET /api/v1/buyer/products 200 435 - 335.092 ms
POST /api/v1/farmer/signup 400 69 - 11.764 ms
PUT /api/v1/farmer/profile/edit 401 63 - 2.647 ms
PUT /api/v1/buyer/profile/edit 401 63 - 1.287 ms
GET /api/v1/buyer/products 401 63 - 0.869 ms
POST /api/v1/buyer/product/buy 401 63 - 0.337 ms
POST /api/v1/farmer/signup 403 60 - 4007.247 ms
PUT /api/v1/farmer/profile/edit 401 63 - 0.716 ms
POST /api/v1/farmer/login 200 204 - 1584.206 ms
PATCH /api/v1/farmer/reset/password 201 42 - 649.361 ms
POST /api/v1/buyer/signup 403 60 - 1196.516 ms
PUT /api/v1/buyer/profile/edit 401 63 - 1.158 ms
POST /api/v1/buyer/login 200 203 - 339.723 ms
PATCH /api/v1/buyer/reset/password 201 42 - 646.528 ms
GET /api/v1/buyers 200 270 - 240.728 ms
GET /api/v1/buyer/products 401 63 - 0.499 ms
POST /api/v1/buyer/product/buy 401 63 - 0.514 ms
GET /api/v1/user/location 200 510 - 796.424 ms
POST /api/v1/farmer/product/add 401 63 - 0.251 ms
PATCH /api/v1/farmer/product/eb806670265aa310c864fde/edit 401 63 - 0.364 ms
GET /api/v1/farmer/products 401 63 - 0.178 ms
GET /api/v1/show/products 200 15 - 1192.817 ms
GET /api/v1/farmers/ 200 536 - 246.404 ms
GET /api/v1/farmer/sales 401 63 - 0.382 ms
POST /api/v1/product/add 400 54 - 277.773 ms
GET /api/v1/products 200 274 - 358.069 ms
POST /api/v1/unit/add 400 51 - 231.999 ms
GET /api/v1/units 200 276 - 236.618 ms
POST /api/v1/farmer/signup 403 60 - 4176.394 ms
PUT /api/v1/farmer/profile/edit 401 63 - 0.758 ms
POST /api/v1/farmer/login 200 204 - 345.536 ms
PATCH /api/v1/farmer/reset/password 201 42 - 662.885 ms
POST /api/v1/buyer/signup 403 60 - 1030.966 ms
PUT /api/v1/buyer/profile/edit 401 63 - 1.260 ms
POST /api/v1/buyer/login 200 203 - 348.074 ms
PATCH /api/v1/buyer/reset/password 201 42 - 611.226 ms
GET /api/v1/buyers 200 270 - 259.385 ms
GET /api/v1/buyer/products 401 63 - 0.534 ms
POST /api/v1/buyer/product/buy 401 63 - 0.439 ms
GET /api/v1/user/location 200 547 - 877.625 ms
POST /api/v1/farmer/product/add 401 63 - 0.242 ms
PATCH /api/v1/farmer/product/eb806670265aa310c864fde/edit 401 63 - 0.348 ms
GET /api/v1/farmer/products 401 63 - 0.161 ms
GET /api/v1/show/products 200 15 - 1472.406 ms
GET /api/v1/farmers/ 200 536 - 1865.603 ms
GET /api/v1/farmer/sales 401 63 - 0.282 ms
POST /api/v1/product/add 400 54 - 5129.719 ms
GET /api/v1/products 200 274 - 2138.357 ms
POST /api/v1/unit/add 400 51 - 254.498 ms
GET /api/v1/units 200 276 - 248.010 ms
GET /api/v1/Lagos/Beans/sellers 200 32 - 272.962 ms
PUT /api/v1/farmer/profile/edit 401 63 - 3.894 ms
PUT /api/v1/buyer/profile/edit 401 63 - 1.224 ms
POST /api/v1/buyer/signup 400 69 - 11041.647 ms
GET /api/v1/buyer/products 401 63 - 0.671 ms
POST /api/v1/buyer/product/buy 401 63 - 0.304 ms
GET /api/v1/user/location 400 39 - 4.740 ms
POST /api/v1/farmer/product/add 401 63 - 0.201 ms
PATCH /api/v1/farmer/product/eb806670265aa310c864fde/edit 401 63 - 0.530 ms
GET /api/v1/farmer/products 401 63 - 0.261 ms
GET /api/v1/show/products 400 69 - 3.164 ms
GET /api/v1/farmer/sales 401 63 - 0.611 ms
PUT /api/v1/farmer/profile/edit 401 63 - 2.970 ms
PUT /api/v1/buyer/profile/edit 401 63 - 2.007 ms
GET /api/v1/buyer/products 401 63 - 0.898 ms
POST /api/v1/buyer/product/buy 401 63 - 0.344 ms
POST /api/v1/buyer/signup 400 66 - 21027.424 ms
POST /api/v1/farmer/product/add 401 63 - 0.320 ms
PATCH /api/v1/farmer/product/eb806670265aa310c864fde/edit 401 63 - 0.362 ms
GET /api/v1/farmer/products 401 63 - 0.268 ms
GET /api/v1/user/location 200 546 - 5501.679 ms
GET /api/v1/farmer/sales 401 63 - 0.428 ms
PUT /api/v1/farmer/profile/edit 401 63 - 3.931 ms
POST /api/v1/farmer/signup 403 60 - 6350.782 ms
POST /api/v1/farmer/login 200 204 - 3590.870 ms
PATCH /api/v1/farmer/reset/password 201 42 - 749.399 ms
POST /api/v1/buyer/signup 403 60 - 1176.553 ms
PUT /api/v1/buyer/profile/edit 401 63 - 0.961 ms
POST /api/v1/buyer/login 200 203 - 512.931 ms
PATCH /api/v1/buyer/reset/password 201 42 - 719.313 ms
GET /api/v1/buyers 200 270 - 276.001 ms
GET /api/v1/buyer/products 401 63 - 0.449 ms
POST /api/v1/buyer/product/buy 401 63 - 0.383 ms
GET /api/v1/user/location 200 547 - 797.638 ms
POST /api/v1/farmer/product/add 401 63 - 0.234 ms
PATCH /api/v1/farmer/product/eb806670265aa310c864fde/edit 401 63 - 0.344 ms
GET /api/v1/farmer/products 401 63 - 0.235 ms
GET /api/v1/show/products 200 15 - 1088.391 ms
GET /api/v1/farmers/ 200 536 - 345.320 ms
GET /api/v1/farmer/sales 401 63 - 0.366 ms
POST /api/v1/product/add 400 54 - 320.171 ms
GET /api/v1/products 200 274 - 279.191 ms
POST /api/v1/unit/add 400 51 - 362.622 ms
GET /api/v1/units 200 276 - 278.540 ms
GET /api/v1/Lagos/Beans/sellers 200 32 - 2502.460 ms
POST /api/v1/farmer/signup 403 60 - 2406.132 ms
PUT /api/v1/farmer/profile/edit 401 63 - 1.766 ms
POST /api/v1/farmer/login 200 204 - 579.031 ms
PATCH /api/v1/farmer/reset/password 201 42 - 3172.529 ms
POST /api/v1/buyer/signup 403 60 - 1522.370 ms
PUT /api/v1/buyer/profile/edit 401 63 - 1.516 ms
POST /api/v1/buyer/login 200 203 - 745.786 ms
PATCH /api/v1/buyer/reset/password 201 42 - 704.277 ms
GET /api/v1/buyers 200 270 - 240.438 ms
GET /api/v1/buyer/products 401 63 - 1.106 ms
POST /api/v1/buyer/product/buy 401 63 - 0.372 ms
GET /api/v1/user/location 200 547 - 659.900 ms
POST /api/v1/farmer/product/add 401 63 - 0.882 ms
PATCH /api/v1/farmer/product/eb806670265aa310c864fde/edit 401 63 - 1.697 ms
GET /api/v1/farmer/products 401 63 - 0.341 ms
GET /api/v1/show/products 200 15 - 951.197 ms
GET /api/v1/farmers/ 200 536 - 293.649 ms
GET /api/v1/farmer/sales 401 63 - 0.356 ms
POST /api/v1/product/add 400 54 - 469.846 ms
GET /api/v1/products 200 274 - 329.336 ms
POST /api/v1/unit/add 400 51 - 277.468 ms
GET /api/v1/units 200 276 - 261.707 ms
GET /api/v1/Lagos/Beans/sellers 200 32 - 1813.624 ms
