GET /api/v1/Lagos/Yam/sellers 200 530 - 4026.173 ms
PUT /api/v1/farmer/profile/edit 401 63 - 4.506 ms
POST /api/v1/farmer/login 200 204 - 3690.287 ms
POST /api/v1/farmer/signup 403 60 - 10109.355 ms
PATCH /api/v1/farmer/reset/password 201 42 - 3300.858 ms
POST /api/v1/buyer/signup 403 60 - 1052.353 ms
PUT /api/v1/buyer/profile/edit 401 63 - 0.780 ms
POST /api/v1/buyer/login 200 203 - 356.676 ms
PATCH /api/v1/buyer/reset/password 200 52 - 253.843 ms
GET /api/v1/buyers 200 270 - 792.012 ms
GET /api/v1/buyer/products 401 63 - 0.477 ms
POST /api/v1/buyer/product/buy 401 63 - 0.394 ms
GET /api/v1/user/location 200 548 - 699.250 ms
POST /api/v1/farmer/product/add 401 63 - 0.222 ms
PATCH /api/v1/farmer/product/eb806670265aa310c864fde/edit 401 63 - 0.482 ms
GET /api/v1/farmer/products 401 63 - 0.232 ms
GET /api/v1/show/products 200 15 - 937.945 ms
GET /api/v1/farmers/ 200 536 - 260.450 ms
GET /api/v1/farmer/sales 401 63 - 0.289 ms
POST /api/v1/product/add 400 54 - 266.101 ms
GET /api/v1/products 200 274 - 265.947 ms
POST /api/v1/unit/add 400 51 - 261.467 ms
GET /api/v1/units 200 276 - 253.693 ms
GET /api/v1/Lagos/Beans/sellers 200 32 - 269.481 ms
POST /api/v1/farmer/signup 403 60 - 2512.976 ms
PUT /api/v1/farmer/profile/edit 401 63 - 1.039 ms
POST /api/v1/farmer/login 200 204 - 381.083 ms
PATCH /api/v1/farmer/reset/password 201 42 - 3320.143 ms
POST /api/v1/buyer/signup 403 60 - 1092.406 ms
PUT /api/v1/buyer/profile/edit 401 63 - 0.762 ms
POST /api/v1/buyer/login 200 203 - 352.906 ms
PATCH /api/v1/buyer/reset/password 200 52 - 245.052 ms
GET /api/v1/buyers 200 270 - 256.337 ms
GET /api/v1/buyer/products 401 63 - 0.333 ms
POST /api/v1/buyer/product/buy 401 63 - 0.280 ms
GET /api/v1/user/location 200 548 - 670.257 ms
POST /api/v1/farmer/product/add 401 63 - 0.275 ms
PATCH /api/v1/farmer/product/eb806670265aa310c864fde/edit 401 63 - 0.381 ms
GET /api/v1/farmer/products 401 63 - 0.159 ms
GET /api/v1/show/products 200 15 - 966.743 ms
GET /api/v1/farmers/ 200 536 - 260.382 ms
GET /api/v1/farmer/sales 401 63 - 0.171 ms
POST /api/v1/product/add 400 54 - 269.325 ms
GET /api/v1/products 200 274 - 244.013 ms
POST /api/v1/unit/add 400 51 - 241.439 ms
GET /api/v1/units 200 276 - 241.183 ms
GET /api/v1/Lagos/Beans/sellers 200 32 - 251.944 ms
POST /api/v1/farmer/signup 403 60 - 1919.564 ms
PUT /api/v1/farmer/profile/edit 401 63 - 1.050 ms
POST /api/v1/farmer/login 200 204 - 372.790 ms
PATCH /api/v1/farmer/reset/password 201 42 - 1889.372 ms
POST /api/v1/buyer/signup 403 60 - 1016.214 ms
PUT /api/v1/buyer/profile/edit 401 63 - 0.763 ms
POST /api/v1/buyer/login 200 203 - 401.276 ms
PATCH /api/v1/buyer/reset/password 200 52 - 260.388 ms
GET /api/v1/buyers 200 270 - 239.567 ms
GET /api/v1/buyer/products 401 63 - 0.539 ms
POST /api/v1/buyer/product/buy 401 63 - 0.323 ms
GET /api/v1/user/location 200 548 - 730.163 ms
POST /api/v1/farmer/product/add 401 63 - 0.210 ms
PATCH /api/v1/farmer/product/eb806670265aa310c864fde/edit 401 63 - 0.417 ms
GET /api/v1/farmer/products 401 63 - 0.165 ms
GET /api/v1/show/products 200 15 - 944.535 ms
GET /api/v1/farmers/ 200 536 - 255.123 ms
GET /api/v1/farmer/sales 401 63 - 0.228 ms
POST /api/v1/product/add 400 54 - 245.970 ms
GET /api/v1/products 200 274 - 248.915 ms
POST /api/v1/unit/add 400 51 - 279.740 ms
GET /api/v1/units 200 276 - 244.686 ms
GET /api/v1/Lagos/Beans/sellers 200 32 - 248.999 ms
PATCH /api/v1/farmer/reset/password 201 42 - 620.649 ms
POST /api/v1/farmer/signup 403 60 - 2822.606 ms
PUT /api/v1/farmer/profile/edit 401 63 - 1.060 ms
POST /api/v1/farmer/login 200 204 - 410.090 ms
PATCH /api/v1/farmer/reset/password 201 42 - 1864.837 ms
POST /api/v1/buyer/signup 403 60 - 1017.943 ms
PUT /api/v1/buyer/profile/edit 401 63 - 0.806 ms
POST /api/v1/buyer/login 200 203 - 370.023 ms
PATCH /api/v1/buyer/reset/password 200 52 - 253.656 ms
GET /api/v1/buyers 200 270 - 275.177 ms
GET /api/v1/buyer/products 401 63 - 0.487 ms
POST /api/v1/buyer/product/buy 401 63 - 0.431 ms
GET /api/v1/user/location 200 548 - 1276.894 ms
POST /api/v1/farmer/product/add 401 63 - 0.242 ms
PATCH /api/v1/farmer/product/eb806670265aa310c864fde/edit 401 63 - 0.373 ms
GET /api/v1/farmer/products 401 63 - 0.169 ms
GET /api/v1/show/products 200 15 - 975.782 ms
GET /api/v1/farmers/ 200 536 - 259.815 ms
GET /api/v1/farmer/sales 401 63 - 0.364 ms
POST /api/v1/product/add 400 54 - 257.718 ms
GET /api/v1/products 200 274 - 263.865 ms
POST /api/v1/unit/add 400 51 - 258.109 ms
GET /api/v1/units 200 276 - 256.684 ms
GET /api/v1/Lagos/Beans/sellers 200 32 - 249.002 ms
PUT /api/v1/farmer/profile/edit 401 63 - 6.988 ms
POST /api/v1/farmer/signup 403 60 - 7568.794 ms
POST /api/v1/farmer/login 200 204 - 4163.579 ms
PATCH /api/v1/farmer/reset/password 201 42 - 656.533 ms
POST /api/v1/buyer/signup 403 60 - 1065.428 ms
PUT /api/v1/buyer/profile/edit 401 63 - 1.119 ms
POST /api/v1/buyer/login 200 203 - 332.816 ms
PATCH /api/v1/buyer/reset/password 200 52 - 259.992 ms
GET /api/v1/buyers 200 270 - 278.378 ms
GET /api/v1/buyer/products 401 63 - 0.500 ms
POST /api/v1/buyer/product/buy 401 63 - 0.268 ms
GET /api/v1/user/location 200 547 - 695.915 ms
POST /api/v1/farmer/product/add 401 63 - 0.253 ms
PATCH /api/v1/farmer/product/eb806670265aa310c864fde/edit 401 63 - 0.339 ms
GET /api/v1/farmer/products 401 63 - 0.161 ms
GET /api/v1/show/products 200 15 - 763.270 ms
GET /api/v1/farmers/ 200 536 - 291.663 ms
GET /api/v1/farmer/sales 401 63 - 0.366 ms
POST /api/v1/product/add 400 54 - 252.488 ms
GET /api/v1/products 200 274 - 257.956 ms
POST /api/v1/unit/add 400 51 - 259.191 ms
GET /api/v1/units 200 276 - 261.153 ms
GET /api/v1/Lagos/Beans/sellers 200 32 - 284.353 ms
POST /api/v1/farmer/signup 403 60 - 4831.682 ms
PUT /api/v1/farmer/profile/edit 401 63 - 0.667 ms
POST /api/v1/farmer/login 200 204 - 544.145 ms
PATCH /api/v1/farmer/reset/password 201 42 - 1005.600 ms
POST /api/v1/buyer/signup 403 60 - 549.646 ms
PUT /api/v1/buyer/profile/edit 401 63 - 0.867 ms
POST /api/v1/buyer/login 200 203 - 539.473 ms
PATCH /api/v1/buyer/reset/password 200 52 - 479.100 ms
GET /api/v1/buyers 200 270 - 660.435 ms
GET /api/v1/buyer/products 401 63 - 0.760 ms
POST /api/v1/buyer/product/buy 401 63 - 0.372 ms
GET /api/v1/user/location 200 548 - 214.611 ms
POST /api/v1/farmer/product/add 401 63 - 0.242 ms
PATCH /api/v1/farmer/product/eb806670265aa310c864fde/edit 401 63 - 0.331 ms
GET /api/v1/farmer/products 401 63 - 0.166 ms
GET /api/v1/show/products 200 15 - 1669.779 ms
GET /api/v1/farmers/ 200 536 - 506.245 ms
GET /api/v1/farmer/sales 401 63 - 0.282 ms
POST /api/v1/product/add 400 54 - 410.162 ms
GET /api/v1/products 200 274 - 302.536 ms
POST /api/v1/unit/add 400 51 - 290.029 ms
GET /api/v1/units 200 276 - 380.642 ms
GET /api/v1/Lagos/Beans/sellers 200 32 - 2113.509 ms
PUT /api/v1/farmer/profile/edit 401 63 - 2.785 ms
POST /api/v1/farmer/signup 403 60 - 12947.849 ms
POST /api/v1/farmer/login 200 204 - 9637.876 ms
POST /api/v1/buyer/signup 403 60 - 1068.494 ms
PUT /api/v1/buyer/profile/edit 401 63 - 0.682 ms
PATCH /api/v1/farmer/reset/password 201 42 - 6449.798 ms
POST /api/v1/buyer/login 200 203 - 380.248 ms
PATCH /api/v1/buyer/reset/password 200 52 - 247.625 ms
GET /api/v1/buyers 200 270 - 275.347 ms
GET /api/v1/buyer/products 401 63 - 0.540 ms
POST /api/v1/buyer/product/buy 401 63 - 0.448 ms
GET /api/v1/user/location 200 548 - 176.518 ms
POST /api/v1/farmer/product/add 401 63 - 0.273 ms
PATCH /api/v1/farmer/product/eb806670265aa310c864fde/edit 401 63 - 0.327 ms
GET /api/v1/farmer/products 401 63 - 0.157 ms
GET /api/v1/show/products 200 15 - 435.696 ms
GET /api/v1/farmers/ 200 536 - 268.017 ms
GET /api/v1/farmer/sales 401 63 - 0.311 ms
POST /api/v1/product/add 400 54 - 269.640 ms
GET /api/v1/products 200 274 - 264.164 ms
POST /api/v1/unit/add 400 51 - 259.697 ms
GET /api/v1/units 200 276 - 262.320 ms
GET /api/v1/Lagos/Beans/sellers 200 32 - 303.533 ms
PUT /api/v1/farmer/profile/edit 401 63 - 6.724 ms
POST /api/v1/farmer/signup 403 60 - 9261.827 ms
POST /api/v1/farmer/login 200 204 - 8178.716 ms
PUT /api/v1/buyer/profile/edit 401 63 - 2.600 ms
PATCH /api/v1/farmer/reset/password 201 42 - 12800.851 ms
POST /api/v1/buyer/signup 400 46 - 19818.500 ms
GET /api/v1/buyer/products 401 63 - 1.315 ms
POST /api/v1/buyer/product/buy 401 63 - 0.984 ms
GET /api/v1/user/location 200 548 - 3110.233 ms
POST /api/v1/farmer/product/add 401 63 - 0.330 ms
PATCH /api/v1/farmer/product/eb806670265aa310c864fde/edit 401 63 - 0.590 ms
GET /api/v1/farmer/products 401 63 - 1.663 ms
GET /api/v1/buyers 200 270 - 17325.335 ms
PATCH /api/v1/buyer/reset/password 200 52 - 22365.655 ms
POST /api/v1/buyer/login 200 203 - 27450.808 ms
GET /api/v1/farmer/sales 401 63 - 0.580 ms
GET /api/v1/show/products 200 15 - 25159.078 ms
GET /api/v1/farmers/ 200 536 - 20177.655 ms
POST /api/v1/product/add 400 54 - 15100.168 ms
GET /api/v1/products 200 274 - 36021.893 ms
GET /api/v1/Lagos/Beans/sellers 200 32 - 20999.209 ms
POST /api/v1/unit/add 400 51 - 31043.778 ms
GET /api/v1/units 200 276 - 26052.491 ms
PUT /api/v1/farmer/profile/edit 401 63 - 6.676 ms
POST /api/v1/farmer/signup 400 47 - 15611.675 ms
PUT /api/v1/buyer/profile/edit 401 63 - 2.101 ms
POST /api/v1/buyer/signup 400 47 - 18225.210 ms
GET /api/v1/buyer/products 401 63 - 0.716 ms
POST /api/v1/buyer/product/buy 401 63 - 0.410 ms
POST /api/v1/farmer/product/add 401 63 - 1.080 ms
PATCH /api/v1/farmer/product/eb806670265aa310c864fde/edit 401 63 - 1.229 ms
GET /api/v1/farmer/products 401 63 - 1.166 ms
GET /api/v1/user/location 200 548 - 7133.985 ms
GET /api/v1/farmer/sales 401 63 - 0.560 ms
POST /api/v1/farmer/login - - - - ms
PATCH /api/v1/farmer/reset/password - - - - ms
POST /api/v1/buyer/login - - - - ms
PATCH /api/v1/buyer/reset/password - - - - ms
GET /api/v1/buyers - - - - ms
GET /api/v1/show/products - - - - ms
GET /api/v1/farmers/ - - - - ms
POST /api/v1/product/add - - - - ms
GET /api/v1/products - - - - ms
POST /api/v1/unit/add - - - - ms
GET /api/v1/units - - - - ms
GET /api/v1/Lagos/Beans/sellers - - - - ms
POST /api/v1/farmer/signup 403 60 - 2474.810 ms
PUT /api/v1/farmer/profile/edit 401 63 - 1.505 ms
POST /api/v1/farmer/login 200 204 - 502.721 ms
PATCH /api/v1/farmer/reset/password 201 42 - 756.562 ms
POST /api/v1/buyer/signup 403 60 - 1259.742 ms
PUT /api/v1/buyer/profile/edit 401 63 - 1.774 ms
POST /api/v1/buyer/login 200 203 - 543.214 ms
PATCH /api/v1/buyer/reset/password 200 52 - 255.361 ms
GET /api/v1/buyers 200 270 - 289.077 ms
GET /api/v1/buyer/products 401 63 - 1.063 ms
POST /api/v1/buyer/product/buy 401 63 - 1.464 ms
GET /api/v1/user/location 200 548 - 188.339 ms
POST /api/v1/farmer/product/add 401 63 - 0.539 ms
PATCH /api/v1/farmer/product/eb806670265aa310c864fde/edit 401 63 - 1.201 ms
GET /api/v1/farmer/products 401 63 - 0.782 ms
GET /api/v1/show/products 200 15 - 1124.693 ms
GET /api/v1/farmers/ 200 536 - 271.767 ms
GET /api/v1/farmer/sales 401 63 - 0.652 ms
POST /api/v1/product/add 400 54 - 263.418 ms
GET /api/v1/products 200 274 - 260.769 ms
POST /api/v1/unit/add 400 51 - 258.445 ms
GET /api/v1/units 200 276 - 250.025 ms
GET /api/v1/Lagos/Beans/sellers 200 32 - 1837.864 ms
POST /api/v1/farmer/signup 403 60 - 2740.557 ms
PUT /api/v1/farmer/profile/edit 401 63 - 0.980 ms
POST /api/v1/farmer/login 200 204 - 526.354 ms
PATCH /api/v1/farmer/reset/password 201 42 - 804.145 ms
POST /api/v1/buyer/signup 403 60 - 637.521 ms
PUT /api/v1/buyer/profile/edit 401 63 - 1.878 ms
POST /api/v1/buyer/login 200 203 - 490.502 ms
PATCH /api/v1/buyer/reset/password 200 52 - 263.721 ms
GET /api/v1/buyers 200 270 - 270.890 ms
GET /api/v1/buyer/products 401 63 - 0.683 ms
POST /api/v1/buyer/product/buy 401 63 - 0.543 ms
GET /api/v1/user/location 200 548 - 159.547 ms
POST /api/v1/farmer/product/add 401 63 - 0.538 ms
PATCH /api/v1/farmer/product/eb806670265aa310c864fde/edit 401 63 - 1.085 ms
GET /api/v1/farmer/products 401 63 - 0.515 ms
GET /api/v1/show/products 200 15 - 983.789 ms
GET /api/v1/farmers/ 200 536 - 310.460 ms
GET /api/v1/farmer/sales 401 63 - 0.564 ms
POST /api/v1/product/add 400 54 - 312.097 ms
GET /api/v1/products 200 274 - 247.778 ms
POST /api/v1/unit/add 400 51 - 281.818 ms
GET /api/v1/units 200 276 - 257.210 ms
GET /api/v1/Lagos/Beans/sellers 200 32 - 1863.914 ms
POST /api/v1/farmer/signup 403 60 - 4691.552 ms
PUT /api/v1/farmer/profile/edit 401 63 - 1.585 ms
POST /api/v1/farmer/login 200 204 - 500.298 ms
PATCH /api/v1/farmer/reset/password 201 42 - 2159.147 ms
POST /api/v1/buyer/signup 403 60 - 4534.306 ms
PUT /api/v1/buyer/profile/edit 401 63 - 1.957 ms
POST /api/v1/buyer/login 200 203 - 467.574 ms
PATCH /api/v1/buyer/reset/password 201 42 - 627.585 ms
GET /api/v1/buyers 200 270 - 264.450 ms
GET /api/v1/buyer/products 401 63 - 1.044 ms
POST /api/v1/buyer/product/buy 401 63 - 0.659 ms
GET /api/v1/user/location 200 548 - 192.490 ms
POST /api/v1/farmer/product/add 401 63 - 0.307 ms
PATCH /api/v1/farmer/product/eb806670265aa310c864fde/edit 401 63 - 0.651 ms
GET /api/v1/farmer/products 401 63 - 0.209 ms
GET /api/v1/show/products 200 15 - 426.321 ms
GET /api/v1/farmers/ 200 536 - 2985.181 ms
GET /api/v1/farmer/sales 401 63 - 0.487 ms
POST /api/v1/product/add 400 54 - 301.525 ms
GET /api/v1/products 200 274 - 265.225 ms
POST /api/v1/unit/add 400 51 - 276.608 ms
GET /api/v1/units 200 276 - 267.397 ms
GET /api/v1/Lagos/Beans/sellers 200 32 - 303.202 ms
POST /api/v1/farmer/signup 403 60 - 3613.791 ms
PUT /api/v1/farmer/profile/edit 401 63 - 2.549 ms
POST /api/v1/farmer/login 200 204 - 626.628 ms
PATCH /api/v1/farmer/reset/password 201 42 - 1010.026 ms
POST /api/v1/buyer/signup 403 60 - 3009.064 ms
PUT /api/v1/buyer/profile/edit 401 63 - 1.370 ms
POST /api/v1/buyer/login 200 203 - 712.983 ms
PATCH /api/v1/buyer/reset/password 201 42 - 826.225 ms
GET /api/v1/buyers 200 270 - 279.674 ms
GET /api/v1/buyer/products 401 63 - 0.977 ms
POST /api/v1/buyer/product/buy 401 63 - 0.526 ms
GET /api/v1/user/location 200 548 - 169.916 ms
POST /api/v1/farmer/product/add 401 63 - 0.243 ms
PATCH /api/v1/farmer/product/eb806670265aa310c864fde/edit 401 63 - 0.327 ms
GET /api/v1/farmer/products 401 63 - 0.174 ms
GET /api/v1/show/products 200 15 - 438.321 ms
GET /api/v1/farmers/ 200 536 - 296.836 ms
GET /api/v1/farmer/sales 401 63 - 0.234 ms
POST /api/v1/product/add 400 54 - 241.034 ms
GET /api/v1/products 200 274 - 255.788 ms
POST /api/v1/unit/add 400 51 - 270.166 ms
GET /api/v1/units 200 276 - 288.459 ms
GET /api/v1/Lagos/Beans/sellers 200 32 - 2025.779 ms
PATCH /api/v1/farmer/reset/password 201 42 - 36039.183 ms
GET /api/v1/Lagos/Yam/sellers 200 46 - 42107.589 ms
GET /api/v1/Lagos/Yam/sellers 200 46 - 364.650 ms
PUT /api/v1/farmer/profile/edit 401 63 - 1.770 ms
PUT /api/v1/buyer/profile/edit 401 63 - 0.713 ms
POST /api/v1/farmer/signup 400 66 - 21048.841 ms
GET /api/v1/Lagos/Yam/sellers - - - - ms
GET /api/v1/buyer/products 401 63 - 1.099 ms
POST /api/v1/buyer/product/buy 401 63 - 0.418 ms
POST /api/v1/buyer/signup 400 66 - 21008.610 ms
POST /api/v1/farmer/product/add 401 63 - 0.611 ms
PATCH /api/v1/farmer/product/eb806670265aa310c864fde/edit 401 63 - 0.507 ms
GET /api/v1/farmer/products 401 63 - 0.181 ms
GET /api/v1/farmer/sales 401 63 - 1.229 ms
GET /api/v1/user/location 400 36 - 21005.568 ms
GET /api/v1/show/products 400 66 - 21020.830 ms
POST /api/v1/farmer/login - - - - ms
PATCH /api/v1/farmer/reset/password - - - - ms
POST /api/v1/buyer/login - - - - ms
PATCH /api/v1/buyer/reset/password - - - - ms
GET /api/v1/buyers - - - - ms
GET /api/v1/farmers/ - - - - ms
POST /api/v1/product/add - - - - ms
GET /api/v1/products - - - - ms
POST /api/v1/unit/add - - - - ms
GET /api/v1/units - - - - ms
GET /api/v1/Lagos/Beans/sellers - - - - ms
PUT /api/v1/farmer/profile/edit 401 63 - 3.613 ms
PUT /api/v1/buyer/profile/edit 401 63 - 0.837 ms
POST /api/v1/farmer/signup 400 66 - 21100.040 ms
GET /api/v1/buyer/products 401 63 - 0.415 ms
POST /api/v1/buyer/product/buy 401 63 - 0.360 ms
POST /api/v1/buyer/signup 400 66 - 21017.569 ms
POST /api/v1/farmer/product/add 401 63 - 0.430 ms
PATCH /api/v1/farmer/product/eb806670265aa310c864fde/edit 401 63 - 0.522 ms
GET /api/v1/farmer/products 401 63 - 0.183 ms
GET /api/v1/farmer/sales 401 63 - 1.263 ms
GET /api/v1/user/location 400 36 - 21037.989 ms
GET /api/v1/show/products 400 66 - 21018.393 ms
POST /api/v1/farmer/login - - - - ms
PATCH /api/v1/farmer/reset/password - - - - ms
POST /api/v1/buyer/login - - - - ms
PATCH /api/v1/buyer/reset/password - - - - ms
GET /api/v1/buyers - - - - ms
GET /api/v1/farmers/ - - - - ms
POST /api/v1/product/add - - - - ms
GET /api/v1/products - - - - ms
POST /api/v1/unit/add - - - - ms
GET /api/v1/units - - - - ms
GET /api/v1/Lagos/Beans/sellers - - - - ms
POST /api/v1/farmer/signup 403 60 - 2723.114 ms
PUT /api/v1/farmer/profile/edit 401 63 - 0.703 ms
POST /api/v1/farmer/login 200 204 - 312.829 ms
PATCH /api/v1/farmer/reset/password 201 42 - 2205.515 ms
POST /api/v1/buyer/signup 403 60 - 3153.284 ms
PUT /api/v1/buyer/profile/edit 401 63 - 0.758 ms
POST /api/v1/buyer/login 200 203 - 343.044 ms
PATCH /api/v1/buyer/reset/password 201 42 - 657.216 ms
GET /api/v1/buyers 200 270 - 279.382 ms
GET /api/v1/buyer/products 401 63 - 0.477 ms
POST /api/v1/buyer/product/buy 401 63 - 0.532 ms
GET /api/v1/user/location 200 510 - 898.952 ms
POST /api/v1/farmer/product/add 401 63 - 0.385 ms
PATCH /api/v1/farmer/product/eb806670265aa310c864fde/edit 401 63 - 0.352 ms
GET /api/v1/farmer/products 401 63 - 0.162 ms
GET /api/v1/show/products 200 15 - 1669.776 ms
GET /api/v1/farmers/ 200 536 - 334.234 ms
GET /api/v1/farmer/sales 401 63 - 0.290 ms
POST /api/v1/product/add 400 54 - 239.513 ms
GET /api/v1/products 200 274 - 344.522 ms
POST /api/v1/unit/add 400 51 - 245.961 ms
GET /api/v1/units 200 276 - 284.188 ms
GET /api/v1/Lagos/Beans/sellers 200 32 - 337.501 ms
GET /api/v1/Lagos/Yam/sellers 200 530 - 5331.483 ms
GET /api/v1/Lagos/Yam/sellers 200 530 - 1637.326 ms
GET /api/v1/farmers 200 1495 - 291.228 ms
POST /api/v1/farmer/login 200 204 - 379.800 ms
PUT /api/v1/farmer/profile/edit 201 61 - 1187.186 ms
GET /api/v1/farmers 200 1503 - 248.750 ms
PUT /api/v1/farmer/profile/edit 201 61 - 1347.422 ms
GET /api/v1/farmers 200 1338 - 24296.270 ms
GET /api/v1/farmers 200 1338 - 707.150 ms
GET /api/v1/user/location 200 511 - 3808.575 ms
GET /api/v1/user/location 200 511 - 1171.137 ms
GET /api/v1/user/location 200 511 - 865.824 ms
GET /api/v1/farmers 200 1338 - 697.856 ms
GET /api/v1/farmers 200 1026 - 6989.921 ms
GET /api/v1/farmers 400 46 - 576.133 ms
GET /api/v1/Lagos/Yam/sellers 400 73 - 30403.555 ms
