POST /api/v1/farmer/signup 403 60 - 2482.282 ms
POST /api/v1/farmer/login 401 73 - 588.231 ms
PATCH /api/v1/farmer/reset/password 201 42 - 757.897 ms
GET /api/v1/user/location 200 548 - 695.595 ms
POST /api/v1/farmer/product/add 401 63 - 1.216 ms
PATCH /api/v1/farmer/product/eb806670265aa310c864fde/edit 401 63 - 1.196 ms
POST /api/v1/product/add 400 54 - 284.936 ms
GET /api/v1/products 200 138 - 270.633 ms
POST /api/v1/unit/add 400 51 - 294.188 ms
GET /api/v1/units 200 140 - 247.416 ms
POST /api/v1/farmer/signup 403 60 - 3238.367 ms
POST /api/v1/farmer/login 401 73 - 668.245 ms
PATCH /api/v1/farmer/reset/password 201 42 - 6212.748 ms
GET /api/v1/user/location 200 548 - 2725.124 ms
POST /api/v1/farmer/product/add 401 63 - 0.687 ms
PATCH /api/v1/farmer/product/eb806670265aa310c864fde/edit 401 63 - 0.781 ms
POST /api/v1/product/add 400 54 - 7232.510 ms
GET /api/v1/products 200 138 - 5225.841 ms
POST /api/v1/unit/add 400 51 - 3245.297 ms
GET /api/v1/units 200 140 - 442.898 ms
POST /api/v1/farmer/signup 400 49 - 11270.565 ms
POST /api/v1/farmer/product/add 401 63 - 1.005 ms
PATCH /api/v1/farmer/product/eb806670265aa310c864fde/edit 401 63 - 0.777 ms
GET /api/v1/user/location 400 39 - 11277.915 ms
POST /api/v1/farmer/login 200 204 - 35188.234 ms
GET /api/v1/products 200 138 - 17949.783 ms
GET /api/v1/units 200 140 - 13259.088 ms
POST /api/v1/product/add 201 58 - 24512.031 ms
PATCH /api/v1/farmer/reset/password 201 42 - 34652.473 ms
POST /api/v1/unit/add 201 55 - 18308.558 ms
POST /api/v1/farmer/signup 403 60 - 2524.135 ms
POST /api/v1/farmer/login 200 204 - 764.274 ms
PATCH /api/v1/farmer/reset/password 201 42 - 874.393 ms
GET /api/v1/user/location 200 548 - 681.575 ms
POST /api/v1/farmer/product/add 401 63 - 0.778 ms
PATCH /api/v1/farmer/product/eb806670265aa310c864fde/edit 401 63 - 0.871 ms
POST /api/v1/product/add 400 54 - 255.367 ms
GET /api/v1/products 200 274 - 251.472 ms
POST /api/v1/unit/add 400 51 - 237.768 ms
GET /api/v1/units 200 276 - 240.887 ms
