GET /api/v1/farmer/products 401 63 - 2.425 ms
GET /api/v1/show/products 200 1000 - 1016.613 ms
GET /api/v1/yam/products 200 - - 2.039 ms
GET /api/v1/yam/seller 200 - - 0.068 ms
GET /api/v1/yam/sellers 200 2 - 1017.097 ms
GET /api/v1/yam/sellers 200 2 - 223.133 ms
GET /api/v1/rice/sellers 200 2 - 263.897 ms
GET /api/v1/rice/sellers 200 20 - 378.526 ms
GET /api/v1/Yam/sellers 200 20 - 256.806 ms
GET /api/v1/Yam/sellers 200 20 - 2186.400 ms
GET /api/v1/yam/sellers 200 20 - 315.626 ms
GET /api/v1/yam/sellers 200 20 - 292.480 ms
GET /api/v1/yam/sellers 200 20 - 238.102 ms
GET /api/v1/yam/sellers 200 20 - 284.285 ms
GET /api/v1/Yam/sellers 200 20 - 473.097 ms
GET /api/v1/Yam/sellers 200 20 - 286.546 ms
GET /api/v1/Yam/sellers 200 20 - 230.460 ms
GET /api/v1/rice/sellers 200 20 - 619.613 ms
GET /api/v1/rice/sellers 200 36 - 1327.981 ms
GET /api/v1/rice/sellers 200 36 - 226.773 ms
GET /api/v1/rice/sellers 200 32 - 2584.303 ms
GET /api/v1/rice/sellers 200 32 - 509.474 ms
GET /api/v1/farmer/products 401 63 - 0.644 ms
GET /api/v1//sellers 200 - - 0.190 ms
GET /api/v1/sellers 200 - - 0.079 ms
GET /api/v1/show/products 200 1000 - 1016.798 ms
GET /api/v1/yam/sellers 200 32 - 388.065 ms
GET /api/v1/Yam/sellers 200 274 - 237.504 ms
GET /api/v1/Yam/sellers 200 274 - 492.884 ms
GET /api/v1/Yam/sellers 200 20 - 927.645 ms
GET /api/v1/Yam/sellers 200 20 - 256.588 ms
GET /api/v1/Yam/sellers 200 58 - 303.323 ms
GET /api/v1/Yam/sellers 400 53 - 37593.173 ms
GET /api/v1/Yam/sellers 200 58 - 635.176 ms
GET /api/v1/Yam/sellers 200 58 - 2871.728 ms
GET /api/v1/Yam/sellers 200 32 - 316.658 ms
GET /api/v1/Yam/sellers 200 32 - 248.939 ms
GET /api/v1/Yam/sellers 200 32 - 1337.544 ms
GET /api/v1/Yam/sellers 200 32 - 316.573 ms
GET /api/v1/Yam/sellers 200 32 - 1015.981 ms
GET /api/v1/Yam/sellers 200 32 - 274.383 ms
GET /api/v1/Yam/sellers 200 32 - 21536.276 ms
GET /api/v1/Yam/sellers 200 32 - 286.149 ms
GET /api/v1/Yam/sellers 200 32 - 290.874 ms
GET /api/v1/Yam/sellers 200 32 - 284.182 ms
GET /api/v1/Yam/sellers 200 32 - 430.099 ms
GET /api/v1/Yam/sellers 200 32 - 262.111 ms
GET /api/v1/Yam/sellers 200 332 - 437.281 ms
GET /api/v1/Yam/sellers 200 633 - 611.415 ms
GET /api/v1/Yam/sellers 200 32 - 849.178 ms
GET /api/v1/Yam/sellers 200 32 - 453.861 ms
GET /api/v1/Yam/sellers 200 32 - 420.409 ms
GET /api/v1/Yam/sellers 200 32 - 1308.084 ms
GET /api/v1/Yam/sellers 200 32 - 278.805 ms
GET /api/v1/Yam/sellers 200 32 - 3961.884 ms
GET /api/v1/Yam/sellers 200 32 - 481.477 ms
GET /api/v1/Yam/sellers 200 32 - 595.839 ms
GET /api/v1/Yam/sellers 200 332 - 345.798 ms
GET /api/v1/Yam/sellers 200 633 - 1806.448 ms
GET /api/v1/Yam/sellers 200 32 - 289.877 ms
POST /api/v1/farmer/login 200 204 - 399.436 ms
GET /api/v1/farmers 200 1495 - 1173.000 ms
POST /api/v1/farmer/product/add 403 51 - 997.057 ms
POST /api/v1/farmer/product/add 201 271 - 1321.059 ms
POST /api/v1/farmer/product/add 201 274 - 1193.397 ms
GET /api/v1/show/products 200 1491 - 930.599 ms
GET /api/v1/Yam/sellers 200 332 - 441.558 ms
GET /api/v1/Yam/sellers 200 945 - 366.698 ms
GET /api/v1/Yam/sellers 200 32 - 263.987 ms
GET /api/v1/Yam/sellers 200 32 - 455.238 ms
GET /api/v1/Yam/sellers 200 332 - 1244.645 ms
GET /api/v1/Yam/sellers 200 343 - 466.232 ms
GET /api/v1/Yam/sellers 200 343 - 524.211 ms
GET /api/v1/Yam/sellers 200 332 - 1056.610 ms
GET /api/v1/Yam/sellers 200 332 - 568.629 ms
GET /api/v1/Yam/sellers 200 332 - 1851.072 ms
GET /api/v1/Yam/sellers 200 332 - 517.762 ms
GET /api/v1/Yam/sellers 400 53 - 292.806 ms
GET /api/v1/Yam/sellers 200 32 - 261.961 ms
GET /api/v1/Yam/sellers 200 32 - 264.046 ms
GET /api/v1/Yam/sellers 200 32 - 233.420 ms
GET /api/v1/Yam/sellers 200 32 - 264.195 ms
GET /api/v1/Yam/sellers 200 1525 - 2457.536 ms
GET /api/v1/Yam/sellers 200 1525 - 1794.182 ms
GET /api/v1/Yam/sellers 200 1587 - 1820.469 ms
GET /api/v1/Yam/sellers 200 94 - 239.161 ms
GET /api/v1/Yam/sellers 200 1587 - 270.883 ms
GET /api/v1/Yam/sellers 200 1587 - 252.093 ms
GET /api/v1/Yam/sellers 200 94 - 242.315 ms
GET /api/v1/Yam/sellers 200 94 - 230.972 ms
GET /api/v1/Yam/sellers 200 94 - 244.506 ms
GET /api/v1/Yam/sellers 200 94 - 236.168 ms
GET /api/v1/Yam/sellers 200 1587 - 271.289 ms
GET /api/v1/Yam/sellers 200 1587 - 1714.682 ms
GET /api/v1/Yam/sellers 200 32 - 2139.188 ms
GET /api/v1/Yam/sellers 200 32 - 272.496 ms
GET /api/v1/Yam/sellers 200 32 - 280.622 ms
GET /api/v1/Lagos/Yam/sellers 200 32 - 1959.876 ms
GET /api/v1/Lagos/Yam/sellers 200 32 - 1899.139 ms
GET /api/v1/Lagos/Yam/sellers 200 32 - 279.718 ms
GET /api/v1/Lagos/Yam/sellers 200 85 - 1695.676 ms
GET /api/v1/Lagos/Yam/sellers 200 85 - 1826.728 ms
GET /api/v1/Lagos/Yam/sellers 200 85 - 1833.536 ms
GET /api/v1/Lagos/Yam/sellers 200 85 - 1875.820 ms
GET /api/v1/Lagos/Yam/sellers 200 85 - 2120.904 ms
GET /api/v1/Lagos/Yam/sellers 200 85 - 1728.887 ms
GET /api/v1/Lagos/Yam/sellers 200 85 - 1905.223 ms
GET /api/v1/Lagos/Yam/sellers 200 85 - 2222.335 ms
GET /api/v1/Lagos/Yam/sellers 200 85 - 2423.206 ms
GET /api/v1/Lagos/Yam/sellers 200 32 - 1944.752 ms
GET /api/v1/Lagos/Yam/sellers 200 32 - 2143.347 ms
GET /api/v1/Lagos/Yam/sellers 200 32 - 304.887 ms
GET /api/v1/Lagos/Yam/sellers - - - - ms
GET /api/v1/Lagos/Yam/sellers 400 73 - 30008.829 ms
GET /api/v1/Lagos/Yam/sellers 400 73 - 30001.813 ms
GET /api/v1/Lagos/Yam/sellers 200 85 - 315.597 ms
GET /api/v1/Lagos/Yam/sellers 200 85 - 2035.888 ms
GET /api/v1/Lagos/Yam/sellers 200 85 - 2036.732 ms
GET /api/v1/Lagos/Yam/sellers 400 49 - 1876.881 ms
GET /api/v1/Lagos/Yam/sellers 200 85 - 1782.245 ms
GET /api/v1/Lagos/Yam/sellers 200 85 - 3046.439 ms
GET /api/v1/Lagos/Yam/sellers 200 85 - 245.917 ms
GET /api/v1/Lagos/Yam/sellers 200 85 - 1900.611 ms
GET /api/v1/Lagos/Yam/sellers 200 85 - 2135.300 ms
GET /api/v1/Lagos/Yam/sellers 200 85 - 6983.065 ms
GET /api/v1/Lagos/Yam/sellers 400 51 - 2307.505 ms
GET /api/v1/Lagos/Yam/sellers 400 53 - 2383.651 ms
GET /api/v1/Lagos/Yam/sellers 200 85 - 2435.480 ms
GET /api/v1/Lagos/Yam/sellers 400 55 - 2611.081 ms
GET /api/v1/Lagos/Yam/sellers 200 32 - 1875.643 ms
GET /api/v1/Lagos/Yam/sellers 200 950 - 4851.077 ms
GET /api/v1/Lagos/Yam/sellers 200 950 - 9560.170 ms
GET /api/v1/Lagos/Yam/sellers 400 46 - 509.811 ms
GET /api/v1/Lagos/Yam/sellers 200 950 - 10857.118 ms
GET /api/v1/Lagos/Yam/sellers - - - - ms
GET /api/v1/Lagos/Yam/sellers 200 32 - 11580.211 ms
GET /api/v1/Lagos/Yam/sellers 200 32 - 3250.454 ms
GET /api/v1/farmers 200 1495 - 5338.255 ms
GET /api/v1/Lagos/Yam/sellers 200 32 - 2361.779 ms
GET /api/v1/Lagos/Yam/sellers 200 85 - 1702.106 ms
GET /api/v1/Lagos/Yam/sellers 200 350 - 1739.282 ms
GET /api/v1/Lagos/Yam/sellers 200 350 - 2272.413 ms
GET /api/v1/Lagos/Yam/sellers 200 32 - 1691.757 ms
GET /api/v1/Lagos/Yam/sellers 200 32 - 260.715 ms
GET /api/v1/Lagos/Yam/sellers 200 32 - 1699.358 ms
GET /api/v1/Lagos/Yam/sellers 200 32 - 1692.814 ms
GET /api/v1/Lagos/Yam/sellers 400 74 - 2509.700 ms
GET /api/v1/Lagos/Yam/sellers 200 32 - 2316.894 ms
GET /api/v1/Lagos/Yam/sellers 200 32 - 3889.823 ms
GET /api/v1/Lagos/Yam/sellers 200 32 - 1767.214 ms
GET /api/v1/Lagos/Yam/sellers 200 32 - 4956.527 ms
GET /api/v1/Lagos/Yam/sellers 200 32 - 1819.441 ms
